<?xml version="1.0" encoding="UTF-8"?>
<!-- Generated by org.testng.reporters.JUnitReportReporter -->
<testsuite hostname="Naveen" failures="0" tests="1" name="MainPackage.MainClass" time="5.771" errors="0" timestamp="12 Jan 2024 10:57:04 GMT" skipped="0">
  <testcase classname="MainPackage.MainClass" name="LogIntoThePage" time="5.771"/>
</testsuite> <!-- MainPackage.MainClass -->
